<?xml version="1.0" encoding="UTF-8"?>
<testng-results skipped="0" failed="0" ignored="0" total="1" passed="1">
  <reporter-output>
  </reporter-output>
  <suite name="Suite" duration-ms="102606" started-at="2017-10-06T09:14:28Z" finished-at="2017-10-06T09:16:11Z">
    <groups>
    </groups>
    <test name="Test" duration-ms="102606" started-at="2017-10-06T09:14:28Z" finished-at="2017-10-06T09:16:11Z">
      <class name="com.automation.tests.Test001_VerifyLogin">
        <test-method status="PASS" signature="setup()[pri:0, instance:com.automation.tests.Test001_VerifyLogin@146ba0ac]" name="setup" is-config="true" duration-ms="83891" started-at="2017-10-06T14:44:28Z" finished-at="2017-10-06T14:45:52Z">
          <reporter-output>
          </reporter-output>
        </test-method> <!-- setup -->
        <test-method status="PASS" signature="VerifyLogin()[pri:0, instance:com.automation.tests.Test001_VerifyLogin@146ba0ac]" name="VerifyLogin" duration-ms="17387" started-at="2017-10-06T14:45:52Z" finished-at="2017-10-06T14:46:10Z">
          <reporter-output>
          </reporter-output>
        </test-method> <!-- VerifyLogin -->
        <test-method status="PASS" signature="endTest()[pri:0, instance:com.automation.tests.Test001_VerifyLogin@146ba0ac]" name="endTest" is-config="true" duration-ms="1303" started-at="2017-10-06T14:46:10Z" finished-at="2017-10-06T14:46:11Z">
          <reporter-output>
          </reporter-output>
        </test-method> <!-- endTest -->
      </class> <!-- com.automation.tests.Test001_VerifyLogin -->
    </test> <!-- Test -->
  </suite> <!-- Suite -->
</testng-results>
